The system is: Linux - 3.16.0-4-amd64 - x86_64
Compiling the C compiler identification source file "CMakeCCompilerId.c" succeeded.
Compiler: /usr/bin/cc 
Build flags: 
Id flags: 

The output was:
0


Compilation of the C compiler identification source "CMakeCCompilerId.c" produced "a.out"

The C compiler identification is GNU, found in "/net/cremi/hanaba/M1/S2/pmc/openMP/project/pmcproject/trunk/openCL/fichiers/CMakeFiles/3.0.2/CompilerIdC/a.out"

Compiling the CXX compiler identification source file "CMakeCXXCompilerId.cpp" succeeded.
Compiler: /usr/bin/c++ 
Build flags: 
Id flags: 

The output was:
0


Compilation of the CXX compiler identification source "CMakeCXXCompilerId.cpp" produced "a.out"

The CXX compiler identification is GNU, found in "/net/cremi/hanaba/M1/S2/pmc/openMP/project/pmcproject/trunk/openCL/fichiers/CMakeFiles/3.0.2/CompilerIdCXX/a.out"

Determining if the C compiler works passed with the following output:
Change Dir: /net/cremi/hanaba/M1/S2/pmc/openMP/project/pmcproject/trunk/openCL/fichiers/CMakeFiles/CMakeTmp

Run Build Command:"/usr/bin/make" "cmTryCompileExec3170025245/fast"
/usr/bin/make -f CMakeFiles/cmTryCompileExec3170025245.dir/build.make CMakeFiles/cmTryCompileExec3170025245.dir/build
make[1]: Entering directory '/autofs/netapp/account/cremi/hanaba/M1/S2/pmc/openMP/project/pmcproject/trunk/openCL/fichiers/CMakeFiles/CMakeTmp'
/usr/bin/cmake -E cmake_progress_report /net/cremi/hanaba/M1/S2/pmc/openMP/project/pmcproject/trunk/openCL/fichiers/CMakeFiles/CMakeTmp/CMakeFiles 1
Building C object CMakeFiles/cmTryCompileExec3170025245.dir/testCCompiler.c.o
/usr/bin/cc    -o CMakeFiles/cmTryCompileExec3170025245.dir/testCCompiler.c.o   -c /net/cremi/hanaba/M1/S2/pmc/openMP/project/pmcproject/trunk/openCL/fichiers/CMakeFiles/CMakeTmp/testCCompiler.c
Linking C executable cmTryCompileExec3170025245
/usr/bin/cmake -E cmake_link_script CMakeFiles/cmTryCompileExec3170025245.dir/link.txt --verbose=1
/usr/bin/cc       CMakeFiles/cmTryCompileExec3170025245.dir/testCCompiler.c.o  -o cmTryCompileExec3170025245 -rdynamic 
make[1]: Leaving directory '/autofs/netapp/account/cremi/hanaba/M1/S2/pmc/openMP/project/pmcproject/trunk/openCL/fichiers/CMakeFiles/CMakeTmp'


Detecting C compiler ABI info compiled with the following output:
Change Dir: /net/cremi/hanaba/M1/S2/pmc/openMP/project/pmcproject/trunk/openCL/fichiers/CMakeFiles/CMakeTmp

Run Build Command:"/usr/bin/make" "cmTryCompileExec1303340880/fast"
/usr/bin/make -f CMakeFiles/cmTryCompileExec1303340880.dir/build.make CMakeFiles/cmTryCompileExec1303340880.dir/build
make[1]: Entering directory '/autofs/netapp/account/cremi/hanaba/M1/S2/pmc/openMP/project/pmcproject/trunk/openCL/fichiers/CMakeFiles/CMakeTmp'
/usr/bin/cmake -E cmake_progress_report /net/cremi/hanaba/M1/S2/pmc/openMP/project/pmcproject/trunk/openCL/fichiers/CMakeFiles/CMakeTmp/CMakeFiles 1
Building C object CMakeFiles/cmTryCompileExec1303340880.dir/CMakeCCompilerABI.c.o
/usr/bin/cc    -o CMakeFiles/cmTryCompileExec1303340880.dir/CMakeCCompilerABI.c.o   -c /usr/share/cmake-3.0/Modules/CMakeCCompilerABI.c
Linking C executable cmTryCompileExec1303340880
/usr/bin/cmake -E cmake_link_script CMakeFiles/cmTryCompileExec1303340880.dir/link.txt --verbose=1
/usr/bin/cc     -v CMakeFiles/cmTryCompileExec1303340880.dir/CMakeCCompilerABI.c.o  -o cmTryCompileExec1303340880 -rdynamic  
Utilisation des specs internes.
COLLECT_GCC=/usr/bin/gcc-4.9.real
COLLECT_LTO_WRAPPER=/usr/lib/gcc/x86_64-linux-gnu/4.9/lto-wrapper
Target: x86_64-linux-gnu
Configuré avec: ../src/configure -v --with-pkgversion='Debian 4.9.2-10' --with-bugurl=file:///usr/share/doc/gcc-4.9/README.Bugs --enable-languages=c,c++,java,go,d,fortran,objc,obj-c++ --prefix=/usr --program-suffix=-4.9 --enable-shared --enable-linker-build-id --libexecdir=/usr/lib --without-included-gettext --enable-threads=posix --with-gxx-include-dir=/usr/include/c++/4.9 --libdir=/usr/lib --enable-nls --with-sysroot=/ --enable-clocale=gnu --enable-libstdcxx-debug --enable-libstdcxx-time=yes --enable-gnu-unique-object --disable-vtable-verify --enable-plugin --with-system-zlib --disable-browser-plugin --enable-java-awt=gtk --enable-gtk-cairo --with-java-home=/usr/lib/jvm/java-1.5.0-gcj-4.9-amd64/jre --enable-java-home --with-jvm-root-dir=/usr/lib/jvm/java-1.5.0-gcj-4.9-amd64 --with-jvm-jar-dir=/usr/lib/jvm-exports/java-1.5.0-gcj-4.9-amd64 --with-arch-directory=amd64 --with-ecj-jar=/usr/share/java/eclipse-ecj.jar --enable-objc-gc --enable-multiarch --with-arch-32=i586 --with-abi=m64 --with-multilib-list=m32,m64,mx32 --enable-multilib --with-tune=generic --enable-checking=release --build=x86_64-linux-gnu --host=x86_64-linux-gnu --target=x86_64-linux-gnu
Modèle de thread: posix
gcc version 4.9.2 (Debian 4.9.2-10) 
COMPILER_PATH=/usr/lib/gcc/x86_64-linux-gnu/4.9/:/usr/lib/gcc/x86_64-linux-gnu/4.9/:/usr/lib/gcc/x86_64-linux-gnu/:/usr/lib/gcc/x86_64-linux-gnu/4.9/:/usr/lib/gcc/x86_64-linux-gnu/
LIBRARY_PATH=/usr/lib/gcc/x86_64-linux-gnu/4.9/:/usr/lib/gcc/x86_64-linux-gnu/4.9/../../../x86_64-linux-gnu/:/usr/lib/gcc/x86_64-linux-gnu/4.9/../../../../lib/:/lib/x86_64-linux-gnu/:/lib/../lib/:/usr/lib/x86_64-linux-gnu/:/usr/lib/../lib/:/usr/lib/gcc/x86_64-linux-gnu/4.9/../../../:/lib/:/usr/lib/
COLLECT_GCC_OPTIONS='-v' '-o' 'cmTryCompileExec1303340880' '-rdynamic' '-mtune=generic' '-march=x86-64'
 /usr/lib/gcc/x86_64-linux-gnu/4.9/collect2 -plugin /usr/lib/gcc/x86_64-linux-gnu/4.9/liblto_plugin.so -plugin-opt=/usr/lib/gcc/x86_64-linux-gnu/4.9/lto-wrapper -plugin-opt=-fresolution=/tmp/cache-hanaba/ccVNUY85.res -plugin-opt=-pass-through=-lgcc -plugin-opt=-pass-through=-lgcc_s -plugin-opt=-pass-through=-lc -plugin-opt=-pass-through=-lgcc -plugin-opt=-pass-through=-lgcc_s --sysroot=/ --build-id --eh-frame-hdr -m elf_x86_64 --hash-style=gnu -export-dynamic -dynamic-linker /lib64/ld-linux-x86-64.so.2 -o cmTryCompileExec1303340880 /usr/lib/gcc/x86_64-linux-gnu/4.9/../../../x86_64-linux-gnu/crt1.o /usr/lib/gcc/x86_64-linux-gnu/4.9/../../../x86_64-linux-gnu/crti.o /usr/lib/gcc/x86_64-linux-gnu/4.9/crtbegin.o -L/usr/lib/gcc/x86_64-linux-gnu/4.9 -L/usr/lib/gcc/x86_64-linux-gnu/4.9/../../../x86_64-linux-gnu -L/usr/lib/gcc/x86_64-linux-gnu/4.9/../../../../lib -L/lib/x86_64-linux-gnu -L/lib/../lib -L/usr/lib/x86_64-linux-gnu -L/usr/lib/../lib -L/usr/lib/gcc/x86_64-linux-gnu/4.9/../../.. CMakeFiles/cmTryCompileExec1303340880.dir/CMakeCCompilerABI.c.o -lgcc --as-needed -lgcc_s --no-as-needed -lc -lgcc --as-needed -lgcc_s --no-as-needed /usr/lib/gcc/x86_64-linux-gnu/4.9/crtend.o /usr/lib/gcc/x86_64-linux-gnu/4.9/../../../x86_64-linux-gnu/crtn.o
make[1]: Leaving directory '/autofs/netapp/account/cremi/hanaba/M1/S2/pmc/openMP/project/pmcproject/trunk/openCL/fichiers/CMakeFiles/CMakeTmp'


Parsed C implicit link information from above output:
  link line regex: [^( *|.*[/\])(ld|([^/\]+-)?ld|collect2)[^/\]*( |$)]
  ignore line: [Change Dir: /net/cremi/hanaba/M1/S2/pmc/openMP/project/pmcproject/trunk/openCL/fichiers/CMakeFiles/CMakeTmp]
  ignore line: []
  ignore line: [Run Build Command:"/usr/bin/make" "cmTryCompileExec1303340880/fast"]
  ignore line: [/usr/bin/make -f CMakeFiles/cmTryCompileExec1303340880.dir/build.make CMakeFiles/cmTryCompileExec1303340880.dir/build]
  ignore line: [make[1]: Entering directory '/autofs/netapp/account/cremi/hanaba/M1/S2/pmc/openMP/project/pmcproject/trunk/openCL/fichiers/CMakeFiles/CMakeTmp']
  ignore line: [/usr/bin/cmake -E cmake_progress_report /net/cremi/hanaba/M1/S2/pmc/openMP/project/pmcproject/trunk/openCL/fichiers/CMakeFiles/CMakeTmp/CMakeFiles 1]
  ignore line: [Building C object CMakeFiles/cmTryCompileExec1303340880.dir/CMakeCCompilerABI.c.o]
  ignore line: [/usr/bin/cc    -o CMakeFiles/cmTryCompileExec1303340880.dir/CMakeCCompilerABI.c.o   -c /usr/share/cmake-3.0/Modules/CMakeCCompilerABI.c]
  ignore line: [Linking C executable cmTryCompileExec1303340880]
  ignore line: [/usr/bin/cmake -E cmake_link_script CMakeFiles/cmTryCompileExec1303340880.dir/link.txt --verbose=1]
  ignore line: [/usr/bin/cc     -v CMakeFiles/cmTryCompileExec1303340880.dir/CMakeCCompilerABI.c.o  -o cmTryCompileExec1303340880 -rdynamic  ]
  ignore line: [Utilisation des specs internes.]
  ignore line: [COLLECT_GCC=/usr/bin/gcc-4.9.real]
  ignore line: [COLLECT_LTO_WRAPPER=/usr/lib/gcc/x86_64-linux-gnu/4.9/lto-wrapper]
  ignore line: [Target: x86_64-linux-gnu]
  ignore line: [Configuré avec: ../src/configure -v --with-pkgversion='Debian 4.9.2-10' --with-bugurl=file:///usr/share/doc/gcc-4.9/README.Bugs --enable-languages=c,c++,java,go,d,fortran,objc,obj-c++ --prefix=/usr --program-suffix=-4.9 --enable-shared --enable-linker-build-id --libexecdir=/usr/lib --without-included-gettext --enable-threads=posix --with-gxx-include-dir=/usr/include/c++/4.9 --libdir=/usr/lib --enable-nls --with-sysroot=/ --enable-clocale=gnu --enable-libstdcxx-debug --enable-libstdcxx-time=yes --enable-gnu-unique-object --disable-vtable-verify --enable-plugin --with-system-zlib --disable-browser-plugin --enable-java-awt=gtk --enable-gtk-cairo --with-java-home=/usr/lib/jvm/java-1.5.0-gcj-4.9-amd64/jre --enable-java-home --with-jvm-root-dir=/usr/lib/jvm/java-1.5.0-gcj-4.9-amd64 --with-jvm-jar-dir=/usr/lib/jvm-exports/java-1.5.0-gcj-4.9-amd64 --with-arch-directory=amd64 --with-ecj-jar=/usr/share/java/eclipse-ecj.jar --enable-objc-gc --enable-multiarch --with-arch-32=i586 --with-abi=m64 --with-multilib-list=m32,m64,mx32 --enable-multilib --with-tune=generic --enable-checking=release --build=x86_64-linux-gnu --host=x86_64-linux-gnu --target=x86_64-linux-gnu]
  ignore line: [Modèle de thread: posix]
  ignore line: [gcc version 4.9.2 (Debian 4.9.2-10) ]
  ignore line: [COMPILER_PATH=/usr/lib/gcc/x86_64-linux-gnu/4.9/:/usr/lib/gcc/x86_64-linux-gnu/4.9/:/usr/lib/gcc/x86_64-linux-gnu/:/usr/lib/gcc/x86_64-linux-gnu/4.9/:/usr/lib/gcc/x86_64-linux-gnu/]
  ignore line: [LIBRARY_PATH=/usr/lib/gcc/x86_64-linux-gnu/4.9/:/usr/lib/gcc/x86_64-linux-gnu/4.9/../../../x86_64-linux-gnu/:/usr/lib/gcc/x86_64-linux-gnu/4.9/../../../../lib/:/lib/x86_64-linux-gnu/:/lib/../lib/:/usr/lib/x86_64-linux-gnu/:/usr/lib/../lib/:/usr/lib/gcc/x86_64-linux-gnu/4.9/../../../:/lib/:/usr/lib/]
  ignore line: [COLLECT_GCC_OPTIONS='-v' '-o' 'cmTryCompileExec1303340880' '-rdynamic' '-mtune=generic' '-march=x86-64']
  link line: [ /usr/lib/gcc/x86_64-linux-gnu/4.9/collect2 -plugin /usr/lib/gcc/x86_64-linux-gnu/4.9/liblto_plugin.so -plugin-opt=/usr/lib/gcc/x86_64-linux-gnu/4.9/lto-wrapper -plugin-opt=-fresolution=/tmp/cache-hanaba/ccVNUY85.res -plugin-opt=-pass-through=-lgcc -plugin-opt=-pass-through=-lgcc_s -plugin-opt=-pass-through=-lc -plugin-opt=-pass-through=-lgcc -plugin-opt=-pass-through=-lgcc_s --sysroot=/ --build-id --eh-frame-hdr -m elf_x86_64 --hash-style=gnu -export-dynamic -dynamic-linker /lib64/ld-linux-x86-64.so.2 -o cmTryCompileExec1303340880 /usr/lib/gcc/x86_64-linux-gnu/4.9/../../../x86_64-linux-gnu/crt1.o /usr/lib/gcc/x86_64-linux-gnu/4.9/../../../x86_64-linux-gnu/crti.o /usr/lib/gcc/x86_64-linux-gnu/4.9/crtbegin.o -L/usr/lib/gcc/x86_64-linux-gnu/4.9 -L/usr/lib/gcc/x86_64-linux-gnu/4.9/../../../x86_64-linux-gnu -L/usr/lib/gcc/x86_64-linux-gnu/4.9/../../../../lib -L/lib/x86_64-linux-gnu -L/lib/../lib -L/usr/lib/x86_64-linux-gnu -L/usr/lib/../lib -L/usr/lib/gcc/x86_64-linux-gnu/4.9/../../.. CMakeFiles/cmTryCompileExec1303340880.dir/CMakeCCompilerABI.c.o -lgcc --as-needed -lgcc_s --no-as-needed -lc -lgcc --as-needed -lgcc_s --no-as-needed /usr/lib/gcc/x86_64-linux-gnu/4.9/crtend.o /usr/lib/gcc/x86_64-linux-gnu/4.9/../../../x86_64-linux-gnu/crtn.o]
    arg [/usr/lib/gcc/x86_64-linux-gnu/4.9/collect2] ==> ignore
    arg [-plugin] ==> ignore
    arg [/usr/lib/gcc/x86_64-linux-gnu/4.9/liblto_plugin.so] ==> ignore
    arg [-plugin-opt=/usr/lib/gcc/x86_64-linux-gnu/4.9/lto-wrapper] ==> ignore
    arg [-plugin-opt=-fresolution=/tmp/cache-hanaba/ccVNUY85.res] ==> ignore
    arg [-plugin-opt=-pass-through=-lgcc] ==> ignore
    arg [-plugin-opt=-pass-through=-lgcc_s] ==> ignore
    arg [-plugin-opt=-pass-through=-lc] ==> ignore
    arg [-plugin-opt=-pass-through=-lgcc] ==> ignore
    arg [-plugin-opt=-pass-through=-lgcc_s] ==> ignore
    arg [--sysroot=/] ==> ignore
    arg [--build-id] ==> ignore
    arg [--eh-frame-hdr] ==> ignore
    arg [-m] ==> ignore
    arg [elf_x86_64] ==> ignore
    arg [--hash-style=gnu] ==> ignore
    arg [-export-dynamic] ==> ignore
    arg [-dynamic-linker] ==> ignore
    arg [/lib64/ld-linux-x86-64.so.2] ==> ignore
    arg [-o] ==> ignore
    arg [cmTryCompileExec1303340880] ==> ignore
    arg [/usr/lib/gcc/x86_64-linux-gnu/4.9/../../../x86_64-linux-gnu/crt1.o] ==> ignore
    arg [/usr/lib/gcc/x86_64-linux-gnu/4.9/../../../x86_64-linux-gnu/crti.o] ==> ignore
    arg [/usr/lib/gcc/x86_64-linux-gnu/4.9/crtbegin.o] ==> ignore
    arg [-L/usr/lib/gcc/x86_64-linux-gnu/4.9] ==> dir [/usr/lib/gcc/x86_64-linux-gnu/4.9]
    arg [-L/usr/lib/gcc/x86_64-linux-gnu/4.9/../../../x86_64-linux-gnu] ==> dir [/usr/lib/gcc/x86_64-linux-gnu/4.9/../../../x86_64-linux-gnu]
    arg [-L/usr/lib/gcc/x86_64-linux-gnu/4.9/../../../../lib] ==> dir [/usr/lib/gcc/x86_64-linux-gnu/4.9/../../../../lib]
    arg [-L/lib/x86_64-linux-gnu] ==> dir [/lib/x86_64-linux-gnu]
    arg [-L/lib/../lib] ==> dir [/lib/../lib]
    arg [-L/usr/lib/x86_64-linux-gnu] ==> dir [/usr/lib/x86_64-linux-gnu]
    arg [-L/usr/lib/../lib] ==> dir [/usr/lib/../lib]
    arg [-L/usr/lib/gcc/x86_64-linux-gnu/4.9/../../..] ==> dir [/usr/lib/gcc/x86_64-linux-gnu/4.9/../../..]
    arg [CMakeFiles/cmTryCompileExec1303340880.dir/CMakeCCompilerABI.c.o] ==> ignore
    arg [-lgcc] ==> lib [gcc]
    arg [--as-needed] ==> ignore
    arg [-lgcc_s] ==> lib [gcc_s]
    arg [--no-as-needed] ==> ignore
    arg [-lc] ==> lib [c]
    arg [-lgcc] ==> lib [gcc]
    arg [--as-needed] ==> ignore
    arg [-lgcc_s] ==> lib [gcc_s]
    arg [--no-as-needed] ==> ignore
    arg [/usr/lib/gcc/x86_64-linux-gnu/4.9/crtend.o] ==> ignore
    arg [/usr/lib/gcc/x86_64-linux-gnu/4.9/../../../x86_64-linux-gnu/crtn.o] ==> ignore
  remove lib [gcc]
  remove lib [gcc_s]
  remove lib [gcc]
  remove lib [gcc_s]
  collapse library dir [/usr/lib/gcc/x86_64-linux-gnu/4.9] ==> [/usr/lib/gcc/x86_64-linux-gnu/4.9]
  collapse library dir [/usr/lib/gcc/x86_64-linux-gnu/4.9/../../../x86_64-linux-gnu] ==> [/usr/lib/x86_64-linux-gnu]
  collapse library dir [/usr/lib/gcc/x86_64-linux-gnu/4.9/../../../../lib] ==> [/usr/lib]
  collapse library dir [/lib/x86_64-linux-gnu] ==> [/lib/x86_64-linux-gnu]
  collapse library dir [/lib/../lib] ==> [/lib]
  collapse library dir [/usr/lib/x86_64-linux-gnu] ==> [/usr/lib/x86_64-linux-gnu]
  collapse library dir [/usr/lib/../lib] ==> [/usr/lib]
  collapse library dir [/usr/lib/gcc/x86_64-linux-gnu/4.9/../../..] ==> [/usr/lib]
  implicit libs: [c]
  implicit dirs: [/usr/lib/gcc/x86_64-linux-gnu/4.9;/usr/lib/x86_64-linux-gnu;/usr/lib;/lib/x86_64-linux-gnu;/lib]
  implicit fwks: []


Determining if the CXX compiler works passed with the following output:
Change Dir: /net/cremi/hanaba/M1/S2/pmc/openMP/project/pmcproject/trunk/openCL/fichiers/CMakeFiles/CMakeTmp

Run Build Command:"/usr/bin/make" "cmTryCompileExec106884783/fast"
/usr/bin/make -f CMakeFiles/cmTryCompileExec106884783.dir/build.make CMakeFiles/cmTryCompileExec106884783.dir/build
make[1]: Entering directory '/autofs/netapp/account/cremi/hanaba/M1/S2/pmc/openMP/project/pmcproject/trunk/openCL/fichiers/CMakeFiles/CMakeTmp'
/usr/bin/cmake -E cmake_progress_report /net/cremi/hanaba/M1/S2/pmc/openMP/project/pmcproject/trunk/openCL/fichiers/CMakeFiles/CMakeTmp/CMakeFiles 1
Building CXX object CMakeFiles/cmTryCompileExec106884783.dir/testCXXCompiler.cxx.o
/usr/bin/c++     -o CMakeFiles/cmTryCompileExec106884783.dir/testCXXCompiler.cxx.o -c /net/cremi/hanaba/M1/S2/pmc/openMP/project/pmcproject/trunk/openCL/fichiers/CMakeFiles/CMakeTmp/testCXXCompiler.cxx
Linking CXX executable cmTryCompileExec106884783
/usr/bin/cmake -E cmake_link_script CMakeFiles/cmTryCompileExec106884783.dir/link.txt --verbose=1
/usr/bin/c++        CMakeFiles/cmTryCompileExec106884783.dir/testCXXCompiler.cxx.o  -o cmTryCompileExec106884783 -rdynamic 
make[1]: Leaving directory '/autofs/netapp/account/cremi/hanaba/M1/S2/pmc/openMP/project/pmcproject/trunk/openCL/fichiers/CMakeFiles/CMakeTmp'


Detecting CXX compiler ABI info compiled with the following output:
Change Dir: /net/cremi/hanaba/M1/S2/pmc/openMP/project/pmcproject/trunk/openCL/fichiers/CMakeFiles/CMakeTmp

Run Build Command:"/usr/bin/make" "cmTryCompileExec1567725485/fast"
/usr/bin/make -f CMakeFiles/cmTryCompileExec1567725485.dir/build.make CMakeFiles/cmTryCompileExec1567725485.dir/build
make[1]: Entering directory '/autofs/netapp/account/cremi/hanaba/M1/S2/pmc/openMP/project/pmcproject/trunk/openCL/fichiers/CMakeFiles/CMakeTmp'
/usr/bin/cmake -E cmake_progress_report /net/cremi/hanaba/M1/S2/pmc/openMP/project/pmcproject/trunk/openCL/fichiers/CMakeFiles/CMakeTmp/CMakeFiles 1
Building CXX object CMakeFiles/cmTryCompileExec1567725485.dir/CMakeCXXCompilerABI.cpp.o
/usr/bin/c++     -o CMakeFiles/cmTryCompileExec1567725485.dir/CMakeCXXCompilerABI.cpp.o -c /usr/share/cmake-3.0/Modules/CMakeCXXCompilerABI.cpp
Linking CXX executable cmTryCompileExec1567725485
/usr/bin/cmake -E cmake_link_script CMakeFiles/cmTryCompileExec1567725485.dir/link.txt --verbose=1
/usr/bin/c++      -v CMakeFiles/cmTryCompileExec1567725485.dir/CMakeCXXCompilerABI.cpp.o  -o cmTryCompileExec1567725485 -rdynamic  
Utilisation des specs internes.
COLLECT_GCC=/usr/bin/g++-4.9.real
COLLECT_LTO_WRAPPER=/usr/lib/gcc/x86_64-linux-gnu/4.9/lto-wrapper
Target: x86_64-linux-gnu
Configuré avec: ../src/configure -v --with-pkgversion='Debian 4.9.2-10' --with-bugurl=file:///usr/share/doc/gcc-4.9/README.Bugs --enable-languages=c,c++,java,go,d,fortran,objc,obj-c++ --prefix=/usr --program-suffix=-4.9 --enable-shared --enable-linker-build-id --libexecdir=/usr/lib --without-included-gettext --enable-threads=posix --with-gxx-include-dir=/usr/include/c++/4.9 --libdir=/usr/lib --enable-nls --with-sysroot=/ --enable-clocale=gnu --enable-libstdcxx-debug --enable-libstdcxx-time=yes --enable-gnu-unique-object --disable-vtable-verify --enable-plugin --with-system-zlib --disable-browser-plugin --enable-java-awt=gtk --enable-gtk-cairo --with-java-home=/usr/lib/jvm/java-1.5.0-gcj-4.9-amd64/jre --enable-java-home --with-jvm-root-dir=/usr/lib/jvm/java-1.5.0-gcj-4.9-amd64 --with-jvm-jar-dir=/usr/lib/jvm-exports/java-1.5.0-gcj-4.9-amd64 --with-arch-directory=amd64 --with-ecj-jar=/usr/share/java/eclipse-ecj.jar --enable-objc-gc --enable-multiarch --with-arch-32=i586 --with-abi=m64 --with-multilib-list=m32,m64,mx32 --enable-multilib --with-tune=generic --enable-checking=release --build=x86_64-linux-gnu --host=x86_64-linux-gnu --target=x86_64-linux-gnu
Modèle de thread: posix
gcc version 4.9.2 (Debian 4.9.2-10) 
COMPILER_PATH=/usr/lib/gcc/x86_64-linux-gnu/4.9/:/usr/lib/gcc/x86_64-linux-gnu/4.9/:/usr/lib/gcc/x86_64-linux-gnu/:/usr/lib/gcc/x86_64-linux-gnu/4.9/:/usr/lib/gcc/x86_64-linux-gnu/
LIBRARY_PATH=/usr/lib/gcc/x86_64-linux-gnu/4.9/:/usr/lib/gcc/x86_64-linux-gnu/4.9/../../../x86_64-linux-gnu/:/usr/lib/gcc/x86_64-linux-gnu/4.9/../../../../lib/:/lib/x86_64-linux-gnu/:/lib/../lib/:/usr/lib/x86_64-linux-gnu/:/usr/lib/../lib/:/usr/lib/gcc/x86_64-linux-gnu/4.9/../../../:/lib/:/usr/lib/
COLLECT_GCC_OPTIONS='-v' '-o' 'cmTryCompileExec1567725485' '-rdynamic' '-shared-libgcc' '-mtune=generic' '-march=x86-64'
 /usr/lib/gcc/x86_64-linux-gnu/4.9/collect2 -plugin /usr/lib/gcc/x86_64-linux-gnu/4.9/liblto_plugin.so -plugin-opt=/usr/lib/gcc/x86_64-linux-gnu/4.9/lto-wrapper -plugin-opt=-fresolution=/tmp/cache-hanaba/ccqlBg6F.res -plugin-opt=-pass-through=-lgcc_s -plugin-opt=-pass-through=-lgcc -plugin-opt=-pass-through=-lc -plugin-opt=-pass-through=-lgcc_s -plugin-opt=-pass-through=-lgcc --sysroot=/ --build-id --eh-frame-hdr -m elf_x86_64 --hash-style=gnu -export-dynamic -dynamic-linker /lib64/ld-linux-x86-64.so.2 -o cmTryCompileExec1567725485 /usr/lib/gcc/x86_64-linux-gnu/4.9/../../../x86_64-linux-gnu/crt1.o /usr/lib/gcc/x86_64-linux-gnu/4.9/../../../x86_64-linux-gnu/crti.o /usr/lib/gcc/x86_64-linux-gnu/4.9/crtbegin.o -L/usr/lib/gcc/x86_64-linux-gnu/4.9 -L/usr/lib/gcc/x86_64-linux-gnu/4.9/../../../x86_64-linux-gnu -L/usr/lib/gcc/x86_64-linux-gnu/4.9/../../../../lib -L/lib/x86_64-linux-gnu -L/lib/../lib -L/usr/lib/x86_64-linux-gnu -L/usr/lib/../lib -L/usr/lib/gcc/x86_64-linux-gnu/4.9/../../.. CMakeFiles/cmTryCompileExec1567725485.dir/CMakeCXXCompilerABI.cpp.o -lstdc++ -lm -lgcc_s -lgcc -lc -lgcc_s -lgcc /usr/lib/gcc/x86_64-linux-gnu/4.9/crtend.o /usr/lib/gcc/x86_64-linux-gnu/4.9/../../../x86_64-linux-gnu/crtn.o
make[1]: Leaving directory '/autofs/netapp/account/cremi/hanaba/M1/S2/pmc/openMP/project/pmcproject/trunk/openCL/fichiers/CMakeFiles/CMakeTmp'


Parsed CXX implicit link information from above output:
  link line regex: [^( *|.*[/\])(ld|([^/\]+-)?ld|collect2)[^/\]*( |$)]
  ignore line: [Change Dir: /net/cremi/hanaba/M1/S2/pmc/openMP/project/pmcproject/trunk/openCL/fichiers/CMakeFiles/CMakeTmp]
  ignore line: []
  ignore line: [Run Build Command:"/usr/bin/make" "cmTryCompileExec1567725485/fast"]
  ignore line: [/usr/bin/make -f CMakeFiles/cmTryCompileExec1567725485.dir/build.make CMakeFiles/cmTryCompileExec1567725485.dir/build]
  ignore line: [make[1]: Entering directory '/autofs/netapp/account/cremi/hanaba/M1/S2/pmc/openMP/project/pmcproject/trunk/openCL/fichiers/CMakeFiles/CMakeTmp']
  ignore line: [/usr/bin/cmake -E cmake_progress_report /net/cremi/hanaba/M1/S2/pmc/openMP/project/pmcproject/trunk/openCL/fichiers/CMakeFiles/CMakeTmp/CMakeFiles 1]
  ignore line: [Building CXX object CMakeFiles/cmTryCompileExec1567725485.dir/CMakeCXXCompilerABI.cpp.o]
  ignore line: [/usr/bin/c++     -o CMakeFiles/cmTryCompileExec1567725485.dir/CMakeCXXCompilerABI.cpp.o -c /usr/share/cmake-3.0/Modules/CMakeCXXCompilerABI.cpp]
  ignore line: [Linking CXX executable cmTryCompileExec1567725485]
  ignore line: [/usr/bin/cmake -E cmake_link_script CMakeFiles/cmTryCompileExec1567725485.dir/link.txt --verbose=1]
  ignore line: [/usr/bin/c++      -v CMakeFiles/cmTryCompileExec1567725485.dir/CMakeCXXCompilerABI.cpp.o  -o cmTryCompileExec1567725485 -rdynamic  ]
  ignore line: [Utilisation des specs internes.]
  ignore line: [COLLECT_GCC=/usr/bin/g++-4.9.real]
  ignore line: [COLLECT_LTO_WRAPPER=/usr/lib/gcc/x86_64-linux-gnu/4.9/lto-wrapper]
  ignore line: [Target: x86_64-linux-gnu]
  ignore line: [Configuré avec: ../src/configure -v --with-pkgversion='Debian 4.9.2-10' --with-bugurl=file:///usr/share/doc/gcc-4.9/README.Bugs --enable-languages=c,c++,java,go,d,fortran,objc,obj-c++ --prefix=/usr --program-suffix=-4.9 --enable-shared --enable-linker-build-id --libexecdir=/usr/lib --without-included-gettext --enable-threads=posix --with-gxx-include-dir=/usr/include/c++/4.9 --libdir=/usr/lib --enable-nls --with-sysroot=/ --enable-clocale=gnu --enable-libstdcxx-debug --enable-libstdcxx-time=yes --enable-gnu-unique-object --disable-vtable-verify --enable-plugin --with-system-zlib --disable-browser-plugin --enable-java-awt=gtk --enable-gtk-cairo --with-java-home=/usr/lib/jvm/java-1.5.0-gcj-4.9-amd64/jre --enable-java-home --with-jvm-root-dir=/usr/lib/jvm/java-1.5.0-gcj-4.9-amd64 --with-jvm-jar-dir=/usr/lib/jvm-exports/java-1.5.0-gcj-4.9-amd64 --with-arch-directory=amd64 --with-ecj-jar=/usr/share/java/eclipse-ecj.jar --enable-objc-gc --enable-multiarch --with-arch-32=i586 --with-abi=m64 --with-multilib-list=m32,m64,mx32 --enable-multilib --with-tune=generic --enable-checking=release --build=x86_64-linux-gnu --host=x86_64-linux-gnu --target=x86_64-linux-gnu]
  ignore line: [Modèle de thread: posix]
  ignore line: [gcc version 4.9.2 (Debian 4.9.2-10) ]
  ignore line: [COMPILER_PATH=/usr/lib/gcc/x86_64-linux-gnu/4.9/:/usr/lib/gcc/x86_64-linux-gnu/4.9/:/usr/lib/gcc/x86_64-linux-gnu/:/usr/lib/gcc/x86_64-linux-gnu/4.9/:/usr/lib/gcc/x86_64-linux-gnu/]
  ignore line: [LIBRARY_PATH=/usr/lib/gcc/x86_64-linux-gnu/4.9/:/usr/lib/gcc/x86_64-linux-gnu/4.9/../../../x86_64-linux-gnu/:/usr/lib/gcc/x86_64-linux-gnu/4.9/../../../../lib/:/lib/x86_64-linux-gnu/:/lib/../lib/:/usr/lib/x86_64-linux-gnu/:/usr/lib/../lib/:/usr/lib/gcc/x86_64-linux-gnu/4.9/../../../:/lib/:/usr/lib/]
  ignore line: [COLLECT_GCC_OPTIONS='-v' '-o' 'cmTryCompileExec1567725485' '-rdynamic' '-shared-libgcc' '-mtune=generic' '-march=x86-64']
  link line: [ /usr/lib/gcc/x86_64-linux-gnu/4.9/collect2 -plugin /usr/lib/gcc/x86_64-linux-gnu/4.9/liblto_plugin.so -plugin-opt=/usr/lib/gcc/x86_64-linux-gnu/4.9/lto-wrapper -plugin-opt=-fresolution=/tmp/cache-hanaba/ccqlBg6F.res -plugin-opt=-pass-through=-lgcc_s -plugin-opt=-pass-through=-lgcc -plugin-opt=-pass-through=-lc -plugin-opt=-pass-through=-lgcc_s -plugin-opt=-pass-through=-lgcc --sysroot=/ --build-id --eh-frame-hdr -m elf_x86_64 --hash-style=gnu -export-dynamic -dynamic-linker /lib64/ld-linux-x86-64.so.2 -o cmTryCompileExec1567725485 /usr/lib/gcc/x86_64-linux-gnu/4.9/../../../x86_64-linux-gnu/crt1.o /usr/lib/gcc/x86_64-linux-gnu/4.9/../../../x86_64-linux-gnu/crti.o /usr/lib/gcc/x86_64-linux-gnu/4.9/crtbegin.o -L/usr/lib/gcc/x86_64-linux-gnu/4.9 -L/usr/lib/gcc/x86_64-linux-gnu/4.9/../../../x86_64-linux-gnu -L/usr/lib/gcc/x86_64-linux-gnu/4.9/../../../../lib -L/lib/x86_64-linux-gnu -L/lib/../lib -L/usr/lib/x86_64-linux-gnu -L/usr/lib/../lib -L/usr/lib/gcc/x86_64-linux-gnu/4.9/../../.. CMakeFiles/cmTryCompileExec1567725485.dir/CMakeCXXCompilerABI.cpp.o -lstdc++ -lm -lgcc_s -lgcc -lc -lgcc_s -lgcc /usr/lib/gcc/x86_64-linux-gnu/4.9/crtend.o /usr/lib/gcc/x86_64-linux-gnu/4.9/../../../x86_64-linux-gnu/crtn.o]
    arg [/usr/lib/gcc/x86_64-linux-gnu/4.9/collect2] ==> ignore
    arg [-plugin] ==> ignore
    arg [/usr/lib/gcc/x86_64-linux-gnu/4.9/liblto_plugin.so] ==> ignore
    arg [-plugin-opt=/usr/lib/gcc/x86_64-linux-gnu/4.9/lto-wrapper] ==> ignore
    arg [-plugin-opt=-fresolution=/tmp/cache-hanaba/ccqlBg6F.res] ==> ignore
    arg [-plugin-opt=-pass-through=-lgcc_s] ==> ignore
    arg [-plugin-opt=-pass-through=-lgcc] ==> ignore
    arg [-plugin-opt=-pass-through=-lc] ==> ignore
    arg [-plugin-opt=-pass-through=-lgcc_s] ==> ignore
    arg [-plugin-opt=-pass-through=-lgcc] ==> ignore
    arg [--sysroot=/] ==> ignore
    arg [--build-id] ==> ignore
    arg [--eh-frame-hdr] ==> ignore
    arg [-m] ==> ignore
    arg [elf_x86_64] ==> ignore
    arg [--hash-style=gnu] ==> ignore
    arg [-export-dynamic] ==> ignore
    arg [-dynamic-linker] ==> ignore
    arg [/lib64/ld-linux-x86-64.so.2] ==> ignore
    arg [-o] ==> ignore
    arg [cmTryCompileExec1567725485] ==> ignore
    arg [/usr/lib/gcc/x86_64-linux-gnu/4.9/../../../x86_64-linux-gnu/crt1.o] ==> ignore
    arg [/usr/lib/gcc/x86_64-linux-gnu/4.9/../../../x86_64-linux-gnu/crti.o] ==> ignore
    arg [/usr/lib/gcc/x86_64-linux-gnu/4.9/crtbegin.o] ==> ignore
    arg [-L/usr/lib/gcc/x86_64-linux-gnu/4.9] ==> dir [/usr/lib/gcc/x86_64-linux-gnu/4.9]
    arg [-L/usr/lib/gcc/x86_64-linux-gnu/4.9/../../../x86_64-linux-gnu] ==> dir [/usr/lib/gcc/x86_64-linux-gnu/4.9/../../../x86_64-linux-gnu]
    arg [-L/usr/lib/gcc/x86_64-linux-gnu/4.9/../../../../lib] ==> dir [/usr/lib/gcc/x86_64-linux-gnu/4.9/../../../../lib]
    arg [-L/lib/x86_64-linux-gnu] ==> dir [/lib/x86_64-linux-gnu]
    arg [-L/lib/../lib] ==> dir [/lib/../lib]
    arg [-L/usr/lib/x86_64-linux-gnu] ==> dir [/usr/lib/x86_64-linux-gnu]
    arg [-L/usr/lib/../lib] ==> dir [/usr/lib/../lib]
    arg [-L/usr/lib/gcc/x86_64-linux-gnu/4.9/../../..] ==> dir [/usr/lib/gcc/x86_64-linux-gnu/4.9/../../..]
    arg [CMakeFiles/cmTryCompileExec1567725485.dir/CMakeCXXCompilerABI.cpp.o] ==> ignore
    arg [-lstdc++] ==> lib [stdc++]
    arg [-lm] ==> lib [m]
    arg [-lgcc_s] ==> lib [gcc_s]
    arg [-lgcc] ==> lib [gcc]
    arg [-lc] ==> lib [c]
    arg [-lgcc_s] ==> lib [gcc_s]
    arg [-lgcc] ==> lib [gcc]
    arg [/usr/lib/gcc/x86_64-linux-gnu/4.9/crtend.o] ==> ignore
    arg [/usr/lib/gcc/x86_64-linux-gnu/4.9/../../../x86_64-linux-gnu/crtn.o] ==> ignore
  remove lib [gcc_s]
  remove lib [gcc]
  remove lib [gcc_s]
  remove lib [gcc]
  collapse library dir [/usr/lib/gcc/x86_64-linux-gnu/4.9] ==> [/usr/lib/gcc/x86_64-linux-gnu/4.9]
  collapse library dir [/usr/lib/gcc/x86_64-linux-gnu/4.9/../../../x86_64-linux-gnu] ==> [/usr/lib/x86_64-linux-gnu]
  collapse library dir [/usr/lib/gcc/x86_64-linux-gnu/4.9/../../../../lib] ==> [/usr/lib]
  collapse library dir [/lib/x86_64-linux-gnu] ==> [/lib/x86_64-linux-gnu]
  collapse library dir [/lib/../lib] ==> [/lib]
  collapse library dir [/usr/lib/x86_64-linux-gnu] ==> [/usr/lib/x86_64-linux-gnu]
  collapse library dir [/usr/lib/../lib] ==> [/usr/lib]
  collapse library dir [/usr/lib/gcc/x86_64-linux-gnu/4.9/../../..] ==> [/usr/lib]
  implicit libs: [stdc++;m;c]
  implicit dirs: [/usr/lib/gcc/x86_64-linux-gnu/4.9;/usr/lib/x86_64-linux-gnu;/usr/lib;/lib/x86_64-linux-gnu;/lib]
  implicit fwks: []


Determining if the function XOpenDisplay exists in the /usr/lib/x86_64-linux-gnu/libX11.so;/usr/lib/x86_64-linux-gnu/libXext.so passed with the following output:
Change Dir: /net/cremi/hanaba/M1/S2/pmc/openMP/project/pmcproject/trunk/openCL/fichiers/CMakeFiles/CMakeTmp

Run Build Command:"/usr/bin/make" "cmTryCompileExec2090763757/fast"
/usr/bin/make -f CMakeFiles/cmTryCompileExec2090763757.dir/build.make CMakeFiles/cmTryCompileExec2090763757.dir/build
make[1]: Entering directory '/autofs/netapp/account/cremi/hanaba/M1/S2/pmc/openMP/project/pmcproject/trunk/openCL/fichiers/CMakeFiles/CMakeTmp'
/usr/bin/cmake -E cmake_progress_report /net/cremi/hanaba/M1/S2/pmc/openMP/project/pmcproject/trunk/openCL/fichiers/CMakeFiles/CMakeTmp/CMakeFiles 1
Building C object CMakeFiles/cmTryCompileExec2090763757.dir/CheckFunctionExists.c.o
/usr/bin/cc   -DCHECK_FUNCTION_EXISTS=XOpenDisplay   -o CMakeFiles/cmTryCompileExec2090763757.dir/CheckFunctionExists.c.o   -c /usr/share/cmake-3.0/Modules/CheckFunctionExists.c
Linking C executable cmTryCompileExec2090763757
/usr/bin/cmake -E cmake_link_script CMakeFiles/cmTryCompileExec2090763757.dir/link.txt --verbose=1
/usr/bin/cc   -DCHECK_FUNCTION_EXISTS=XOpenDisplay    CMakeFiles/cmTryCompileExec2090763757.dir/CheckFunctionExists.c.o  -o cmTryCompileExec2090763757 -rdynamic -lX11 -lXext 
make[1]: Leaving directory '/autofs/netapp/account/cremi/hanaba/M1/S2/pmc/openMP/project/pmcproject/trunk/openCL/fichiers/CMakeFiles/CMakeTmp'


Determining if the function gethostbyname exists passed with the following output:
Change Dir: /net/cremi/hanaba/M1/S2/pmc/openMP/project/pmcproject/trunk/openCL/fichiers/CMakeFiles/CMakeTmp

Run Build Command:"/usr/bin/make" "cmTryCompileExec2534200534/fast"
/usr/bin/make -f CMakeFiles/cmTryCompileExec2534200534.dir/build.make CMakeFiles/cmTryCompileExec2534200534.dir/build
make[1]: Entering directory '/autofs/netapp/account/cremi/hanaba/M1/S2/pmc/openMP/project/pmcproject/trunk/openCL/fichiers/CMakeFiles/CMakeTmp'
/usr/bin/cmake -E cmake_progress_report /net/cremi/hanaba/M1/S2/pmc/openMP/project/pmcproject/trunk/openCL/fichiers/CMakeFiles/CMakeTmp/CMakeFiles 1
Building C object CMakeFiles/cmTryCompileExec2534200534.dir/CheckFunctionExists.c.o
/usr/bin/cc   -DCHECK_FUNCTION_EXISTS=gethostbyname   -o CMakeFiles/cmTryCompileExec2534200534.dir/CheckFunctionExists.c.o   -c /usr/share/cmake-3.0/Modules/CheckFunctionExists.c
Linking C executable cmTryCompileExec2534200534
/usr/bin/cmake -E cmake_link_script CMakeFiles/cmTryCompileExec2534200534.dir/link.txt --verbose=1
/usr/bin/cc   -DCHECK_FUNCTION_EXISTS=gethostbyname    CMakeFiles/cmTryCompileExec2534200534.dir/CheckFunctionExists.c.o  -o cmTryCompileExec2534200534 -rdynamic 
make[1]: Leaving directory '/autofs/netapp/account/cremi/hanaba/M1/S2/pmc/openMP/project/pmcproject/trunk/openCL/fichiers/CMakeFiles/CMakeTmp'


Determining if the function connect exists passed with the following output:
Change Dir: /net/cremi/hanaba/M1/S2/pmc/openMP/project/pmcproject/trunk/openCL/fichiers/CMakeFiles/CMakeTmp

Run Build Command:"/usr/bin/make" "cmTryCompileExec3054819069/fast"
/usr/bin/make -f CMakeFiles/cmTryCompileExec3054819069.dir/build.make CMakeFiles/cmTryCompileExec3054819069.dir/build
make[1]: Entering directory '/autofs/netapp/account/cremi/hanaba/M1/S2/pmc/openMP/project/pmcproject/trunk/openCL/fichiers/CMakeFiles/CMakeTmp'
/usr/bin/cmake -E cmake_progress_report /net/cremi/hanaba/M1/S2/pmc/openMP/project/pmcproject/trunk/openCL/fichiers/CMakeFiles/CMakeTmp/CMakeFiles 1
Building C object CMakeFiles/cmTryCompileExec3054819069.dir/CheckFunctionExists.c.o
/usr/bin/cc   -DCHECK_FUNCTION_EXISTS=connect   -o CMakeFiles/cmTryCompileExec3054819069.dir/CheckFunctionExists.c.o   -c /usr/share/cmake-3.0/Modules/CheckFunctionExists.c
Linking C executable cmTryCompileExec3054819069
/usr/bin/cmake -E cmake_link_script CMakeFiles/cmTryCompileExec3054819069.dir/link.txt --verbose=1
/usr/bin/cc   -DCHECK_FUNCTION_EXISTS=connect    CMakeFiles/cmTryCompileExec3054819069.dir/CheckFunctionExists.c.o  -o cmTryCompileExec3054819069 -rdynamic 
make[1]: Leaving directory '/autofs/netapp/account/cremi/hanaba/M1/S2/pmc/openMP/project/pmcproject/trunk/openCL/fichiers/CMakeFiles/CMakeTmp'


Determining if the function remove exists passed with the following output:
Change Dir: /net/cremi/hanaba/M1/S2/pmc/openMP/project/pmcproject/trunk/openCL/fichiers/CMakeFiles/CMakeTmp

Run Build Command:"/usr/bin/make" "cmTryCompileExec840918575/fast"
/usr/bin/make -f CMakeFiles/cmTryCompileExec840918575.dir/build.make CMakeFiles/cmTryCompileExec840918575.dir/build
make[1]: Entering directory '/autofs/netapp/account/cremi/hanaba/M1/S2/pmc/openMP/project/pmcproject/trunk/openCL/fichiers/CMakeFiles/CMakeTmp'
/usr/bin/cmake -E cmake_progress_report /net/cremi/hanaba/M1/S2/pmc/openMP/project/pmcproject/trunk/openCL/fichiers/CMakeFiles/CMakeTmp/CMakeFiles 1
Building C object CMakeFiles/cmTryCompileExec840918575.dir/CheckFunctionExists.c.o
/usr/bin/cc   -DCHECK_FUNCTION_EXISTS=remove   -o CMakeFiles/cmTryCompileExec840918575.dir/CheckFunctionExists.c.o   -c /usr/share/cmake-3.0/Modules/CheckFunctionExists.c
Linking C executable cmTryCompileExec840918575
/usr/bin/cmake -E cmake_link_script CMakeFiles/cmTryCompileExec840918575.dir/link.txt --verbose=1
/usr/bin/cc   -DCHECK_FUNCTION_EXISTS=remove    CMakeFiles/cmTryCompileExec840918575.dir/CheckFunctionExists.c.o  -o cmTryCompileExec840918575 -rdynamic 
make[1]: Leaving directory '/autofs/netapp/account/cremi/hanaba/M1/S2/pmc/openMP/project/pmcproject/trunk/openCL/fichiers/CMakeFiles/CMakeTmp'


Determining if the function shmat exists passed with the following output:
Change Dir: /net/cremi/hanaba/M1/S2/pmc/openMP/project/pmcproject/trunk/openCL/fichiers/CMakeFiles/CMakeTmp

Run Build Command:"/usr/bin/make" "cmTryCompileExec1315340403/fast"
/usr/bin/make -f CMakeFiles/cmTryCompileExec1315340403.dir/build.make CMakeFiles/cmTryCompileExec1315340403.dir/build
make[1]: Entering directory '/autofs/netapp/account/cremi/hanaba/M1/S2/pmc/openMP/project/pmcproject/trunk/openCL/fichiers/CMakeFiles/CMakeTmp'
/usr/bin/cmake -E cmake_progress_report /net/cremi/hanaba/M1/S2/pmc/openMP/project/pmcproject/trunk/openCL/fichiers/CMakeFiles/CMakeTmp/CMakeFiles 1
Building C object CMakeFiles/cmTryCompileExec1315340403.dir/CheckFunctionExists.c.o
/usr/bin/cc   -DCHECK_FUNCTION_EXISTS=shmat   -o CMakeFiles/cmTryCompileExec1315340403.dir/CheckFunctionExists.c.o   -c /usr/share/cmake-3.0/Modules/CheckFunctionExists.c
Linking C executable cmTryCompileExec1315340403
/usr/bin/cmake -E cmake_link_script CMakeFiles/cmTryCompileExec1315340403.dir/link.txt --verbose=1
/usr/bin/cc   -DCHECK_FUNCTION_EXISTS=shmat    CMakeFiles/cmTryCompileExec1315340403.dir/CheckFunctionExists.c.o  -o cmTryCompileExec1315340403 -rdynamic 
make[1]: Leaving directory '/autofs/netapp/account/cremi/hanaba/M1/S2/pmc/openMP/project/pmcproject/trunk/openCL/fichiers/CMakeFiles/CMakeTmp'


Determining if the function IceConnectionNumber exists in the ICE passed with the following output:
Change Dir: /net/cremi/hanaba/M1/S2/pmc/openMP/project/pmcproject/trunk/openCL/fichiers/CMakeFiles/CMakeTmp

Run Build Command:"/usr/bin/make" "cmTryCompileExec2276669326/fast"
/usr/bin/make -f CMakeFiles/cmTryCompileExec2276669326.dir/build.make CMakeFiles/cmTryCompileExec2276669326.dir/build
make[1]: Entering directory '/autofs/netapp/account/cremi/hanaba/M1/S2/pmc/openMP/project/pmcproject/trunk/openCL/fichiers/CMakeFiles/CMakeTmp'
/usr/bin/cmake -E cmake_progress_report /net/cremi/hanaba/M1/S2/pmc/openMP/project/pmcproject/trunk/openCL/fichiers/CMakeFiles/CMakeTmp/CMakeFiles 1
Building C object CMakeFiles/cmTryCompileExec2276669326.dir/CheckFunctionExists.c.o
/usr/bin/cc   -DCHECK_FUNCTION_EXISTS=IceConnectionNumber   -o CMakeFiles/cmTryCompileExec2276669326.dir/CheckFunctionExists.c.o   -c /usr/share/cmake-3.0/Modules/CheckFunctionExists.c
Linking C executable cmTryCompileExec2276669326
/usr/bin/cmake -E cmake_link_script CMakeFiles/cmTryCompileExec2276669326.dir/link.txt --verbose=1
/usr/bin/cc   -DCHECK_FUNCTION_EXISTS=IceConnectionNumber    CMakeFiles/cmTryCompileExec2276669326.dir/CheckFunctionExists.c.o  -o cmTryCompileExec2276669326 -rdynamic -lICE 
make[1]: Leaving directory '/autofs/netapp/account/cremi/hanaba/M1/S2/pmc/openMP/project/pmcproject/trunk/openCL/fichiers/CMakeFiles/CMakeTmp'


Performing C SOURCE FILE Test OpenMP_FLAG_DETECTED succeded with the following output:
Change Dir: /net/cremi/hanaba/M1/S2/pmc/openMP/project/pmcproject/trunk/openCL/fichiers/CMakeFiles/CMakeTmp

Run Build Command:"/usr/bin/make" "cmTryCompileExec3267038691/fast"
/usr/bin/make -f CMakeFiles/cmTryCompileExec3267038691.dir/build.make CMakeFiles/cmTryCompileExec3267038691.dir/build
make[1]: Entering directory '/autofs/netapp/account/cremi/hanaba/M1/S2/pmc/openMP/project/pmcproject/trunk/openCL/fichiers/CMakeFiles/CMakeTmp'
/usr/bin/cmake -E cmake_progress_report /net/cremi/hanaba/M1/S2/pmc/openMP/project/pmcproject/trunk/openCL/fichiers/CMakeFiles/CMakeTmp/CMakeFiles 1
Building C object CMakeFiles/cmTryCompileExec3267038691.dir/src.c.o
/usr/bin/cc   -DOpenMP_FLAG_DETECTED -fopenmp   -o CMakeFiles/cmTryCompileExec3267038691.dir/src.c.o   -c /net/cremi/hanaba/M1/S2/pmc/openMP/project/pmcproject/trunk/openCL/fichiers/CMakeFiles/CMakeTmp/src.c
Linking C executable cmTryCompileExec3267038691
/usr/bin/cmake -E cmake_link_script CMakeFiles/cmTryCompileExec3267038691.dir/link.txt --verbose=1
/usr/bin/cc   -DOpenMP_FLAG_DETECTED -fopenmp    CMakeFiles/cmTryCompileExec3267038691.dir/src.c.o  -o cmTryCompileExec3267038691 -rdynamic 
make[1]: Leaving directory '/autofs/netapp/account/cremi/hanaba/M1/S2/pmc/openMP/project/pmcproject/trunk/openCL/fichiers/CMakeFiles/CMakeTmp'

Source file was:

#include <omp.h>
int main() {
#ifdef _OPENMP
  return 0;
#else
  breaks_on_purpose
#endif
}

Performing C++ SOURCE FILE Test OpenMP_FLAG_DETECTED succeded with the following output:
Change Dir: /net/cremi/hanaba/M1/S2/pmc/openMP/project/pmcproject/trunk/openCL/fichiers/CMakeFiles/CMakeTmp

Run Build Command:"/usr/bin/make" "cmTryCompileExec1385249736/fast"
/usr/bin/make -f CMakeFiles/cmTryCompileExec1385249736.dir/build.make CMakeFiles/cmTryCompileExec1385249736.dir/build
make[1]: Entering directory '/autofs/netapp/account/cremi/hanaba/M1/S2/pmc/openMP/project/pmcproject/trunk/openCL/fichiers/CMakeFiles/CMakeTmp'
/usr/bin/cmake -E cmake_progress_report /net/cremi/hanaba/M1/S2/pmc/openMP/project/pmcproject/trunk/openCL/fichiers/CMakeFiles/CMakeTmp/CMakeFiles 1
Building CXX object CMakeFiles/cmTryCompileExec1385249736.dir/src.cxx.o
/usr/bin/c++    -DOpenMP_FLAG_DETECTED -fopenmp   -o CMakeFiles/cmTryCompileExec1385249736.dir/src.cxx.o -c /net/cremi/hanaba/M1/S2/pmc/openMP/project/pmcproject/trunk/openCL/fichiers/CMakeFiles/CMakeTmp/src.cxx
Linking CXX executable cmTryCompileExec1385249736
/usr/bin/cmake -E cmake_link_script CMakeFiles/cmTryCompileExec1385249736.dir/link.txt --verbose=1
/usr/bin/c++    -DOpenMP_FLAG_DETECTED -fopenmp    CMakeFiles/cmTryCompileExec1385249736.dir/src.cxx.o  -o cmTryCompileExec1385249736 -rdynamic 
make[1]: Leaving directory '/autofs/netapp/account/cremi/hanaba/M1/S2/pmc/openMP/project/pmcproject/trunk/openCL/fichiers/CMakeFiles/CMakeTmp'

Source file was:

#include <omp.h>
int main() {
#ifdef _OPENMP
  return 0;
#else
  breaks_on_purpose
#endif
}

Determining if the function XOpenDisplay exists in the /usr/lib/x86_64-linux-gnu/libX11.so;/usr/lib/x86_64-linux-gnu/libXext.so passed with the following output:
Change Dir: /net/cremi/oconstan/espaces/travail/pmcproject/trunk/openCL/fichiers/CMakeFiles/CMakeTmp

Run Build Command:"/usr/bin/make" "cmTryCompileExec1417427942/fast"
/usr/bin/make -f CMakeFiles/cmTryCompileExec1417427942.dir/build.make CMakeFiles/cmTryCompileExec1417427942.dir/build
make[1]: Entering directory '/autofs/netapp/travail/oconstan/pmcproject/trunk/openCL/fichiers/CMakeFiles/CMakeTmp'
/usr/bin/cmake -E cmake_progress_report /net/cremi/oconstan/espaces/travail/pmcproject/trunk/openCL/fichiers/CMakeFiles/CMakeTmp/CMakeFiles 1
Building C object CMakeFiles/cmTryCompileExec1417427942.dir/CheckFunctionExists.c.o
/usr/bin/cc   -DCHECK_FUNCTION_EXISTS=XOpenDisplay   -o CMakeFiles/cmTryCompileExec1417427942.dir/CheckFunctionExists.c.o   -c /usr/share/cmake-3.0/Modules/CheckFunctionExists.c
Linking C executable cmTryCompileExec1417427942
/usr/bin/cmake -E cmake_link_script CMakeFiles/cmTryCompileExec1417427942.dir/link.txt --verbose=1
/usr/bin/cc   -DCHECK_FUNCTION_EXISTS=XOpenDisplay    CMakeFiles/cmTryCompileExec1417427942.dir/CheckFunctionExists.c.o  -o cmTryCompileExec1417427942 -rdynamic -lX11 -lXext 
make[1]: Leaving directory '/autofs/netapp/travail/oconstan/pmcproject/trunk/openCL/fichiers/CMakeFiles/CMakeTmp'


Determining if the function gethostbyname exists passed with the following output:
Change Dir: /net/cremi/oconstan/espaces/travail/pmcproject/trunk/openCL/fichiers/CMakeFiles/CMakeTmp

Run Build Command:"/usr/bin/make" "cmTryCompileExec838184538/fast"
/usr/bin/make -f CMakeFiles/cmTryCompileExec838184538.dir/build.make CMakeFiles/cmTryCompileExec838184538.dir/build
make[1]: Entering directory '/autofs/netapp/travail/oconstan/pmcproject/trunk/openCL/fichiers/CMakeFiles/CMakeTmp'
/usr/bin/cmake -E cmake_progress_report /net/cremi/oconstan/espaces/travail/pmcproject/trunk/openCL/fichiers/CMakeFiles/CMakeTmp/CMakeFiles 1
Building C object CMakeFiles/cmTryCompileExec838184538.dir/CheckFunctionExists.c.o
/usr/bin/cc   -DCHECK_FUNCTION_EXISTS=gethostbyname   -o CMakeFiles/cmTryCompileExec838184538.dir/CheckFunctionExists.c.o   -c /usr/share/cmake-3.0/Modules/CheckFunctionExists.c
Linking C executable cmTryCompileExec838184538
/usr/bin/cmake -E cmake_link_script CMakeFiles/cmTryCompileExec838184538.dir/link.txt --verbose=1
/usr/bin/cc   -DCHECK_FUNCTION_EXISTS=gethostbyname    CMakeFiles/cmTryCompileExec838184538.dir/CheckFunctionExists.c.o  -o cmTryCompileExec838184538 -rdynamic 
make[1]: Leaving directory '/autofs/netapp/travail/oconstan/pmcproject/trunk/openCL/fichiers/CMakeFiles/CMakeTmp'


Determining if the function connect exists passed with the following output:
Change Dir: /net/cremi/oconstan/espaces/travail/pmcproject/trunk/openCL/fichiers/CMakeFiles/CMakeTmp

Run Build Command:"/usr/bin/make" "cmTryCompileExec3143606351/fast"
/usr/bin/make -f CMakeFiles/cmTryCompileExec3143606351.dir/build.make CMakeFiles/cmTryCompileExec3143606351.dir/build
make[1]: Entering directory '/autofs/netapp/travail/oconstan/pmcproject/trunk/openCL/fichiers/CMakeFiles/CMakeTmp'
/usr/bin/cmake -E cmake_progress_report /net/cremi/oconstan/espaces/travail/pmcproject/trunk/openCL/fichiers/CMakeFiles/CMakeTmp/CMakeFiles 1
Building C object CMakeFiles/cmTryCompileExec3143606351.dir/CheckFunctionExists.c.o
/usr/bin/cc   -DCHECK_FUNCTION_EXISTS=connect   -o CMakeFiles/cmTryCompileExec3143606351.dir/CheckFunctionExists.c.o   -c /usr/share/cmake-3.0/Modules/CheckFunctionExists.c
Linking C executable cmTryCompileExec3143606351
/usr/bin/cmake -E cmake_link_script CMakeFiles/cmTryCompileExec3143606351.dir/link.txt --verbose=1
/usr/bin/cc   -DCHECK_FUNCTION_EXISTS=connect    CMakeFiles/cmTryCompileExec3143606351.dir/CheckFunctionExists.c.o  -o cmTryCompileExec3143606351 -rdynamic 
make[1]: Leaving directory '/autofs/netapp/travail/oconstan/pmcproject/trunk/openCL/fichiers/CMakeFiles/CMakeTmp'


Determining if the function remove exists passed with the following output:
Change Dir: /net/cremi/oconstan/espaces/travail/pmcproject/trunk/openCL/fichiers/CMakeFiles/CMakeTmp

Run Build Command:"/usr/bin/make" "cmTryCompileExec2030645012/fast"
/usr/bin/make -f CMakeFiles/cmTryCompileExec2030645012.dir/build.make CMakeFiles/cmTryCompileExec2030645012.dir/build
make[1]: Entering directory '/autofs/netapp/travail/oconstan/pmcproject/trunk/openCL/fichiers/CMakeFiles/CMakeTmp'
/usr/bin/cmake -E cmake_progress_report /net/cremi/oconstan/espaces/travail/pmcproject/trunk/openCL/fichiers/CMakeFiles/CMakeTmp/CMakeFiles 1
Building C object CMakeFiles/cmTryCompileExec2030645012.dir/CheckFunctionExists.c.o
/usr/bin/cc   -DCHECK_FUNCTION_EXISTS=remove   -o CMakeFiles/cmTryCompileExec2030645012.dir/CheckFunctionExists.c.o   -c /usr/share/cmake-3.0/Modules/CheckFunctionExists.c
Linking C executable cmTryCompileExec2030645012
/usr/bin/cmake -E cmake_link_script CMakeFiles/cmTryCompileExec2030645012.dir/link.txt --verbose=1
/usr/bin/cc   -DCHECK_FUNCTION_EXISTS=remove    CMakeFiles/cmTryCompileExec2030645012.dir/CheckFunctionExists.c.o  -o cmTryCompileExec2030645012 -rdynamic 
make[1]: Leaving directory '/autofs/netapp/travail/oconstan/pmcproject/trunk/openCL/fichiers/CMakeFiles/CMakeTmp'


Determining if the function shmat exists passed with the following output:
Change Dir: /net/cremi/oconstan/espaces/travail/pmcproject/trunk/openCL/fichiers/CMakeFiles/CMakeTmp

Run Build Command:"/usr/bin/make" "cmTryCompileExec3512149593/fast"
/usr/bin/make -f CMakeFiles/cmTryCompileExec3512149593.dir/build.make CMakeFiles/cmTryCompileExec3512149593.dir/build
make[1]: Entering directory '/autofs/netapp/travail/oconstan/pmcproject/trunk/openCL/fichiers/CMakeFiles/CMakeTmp'
/usr/bin/cmake -E cmake_progress_report /net/cremi/oconstan/espaces/travail/pmcproject/trunk/openCL/fichiers/CMakeFiles/CMakeTmp/CMakeFiles 1
Building C object CMakeFiles/cmTryCompileExec3512149593.dir/CheckFunctionExists.c.o
/usr/bin/cc   -DCHECK_FUNCTION_EXISTS=shmat   -o CMakeFiles/cmTryCompileExec3512149593.dir/CheckFunctionExists.c.o   -c /usr/share/cmake-3.0/Modules/CheckFunctionExists.c
Linking C executable cmTryCompileExec3512149593
/usr/bin/cmake -E cmake_link_script CMakeFiles/cmTryCompileExec3512149593.dir/link.txt --verbose=1
/usr/bin/cc   -DCHECK_FUNCTION_EXISTS=shmat    CMakeFiles/cmTryCompileExec3512149593.dir/CheckFunctionExists.c.o  -o cmTryCompileExec3512149593 -rdynamic 
make[1]: Leaving directory '/autofs/netapp/travail/oconstan/pmcproject/trunk/openCL/fichiers/CMakeFiles/CMakeTmp'


Determining if the function IceConnectionNumber exists in the ICE passed with the following output:
Change Dir: /net/cremi/oconstan/espaces/travail/pmcproject/trunk/openCL/fichiers/CMakeFiles/CMakeTmp

Run Build Command:"/usr/bin/make" "cmTryCompileExec2250673655/fast"
/usr/bin/make -f CMakeFiles/cmTryCompileExec2250673655.dir/build.make CMakeFiles/cmTryCompileExec2250673655.dir/build
make[1]: Entering directory '/autofs/netapp/travail/oconstan/pmcproject/trunk/openCL/fichiers/CMakeFiles/CMakeTmp'
/usr/bin/cmake -E cmake_progress_report /net/cremi/oconstan/espaces/travail/pmcproject/trunk/openCL/fichiers/CMakeFiles/CMakeTmp/CMakeFiles 1
Building C object CMakeFiles/cmTryCompileExec2250673655.dir/CheckFunctionExists.c.o
/usr/bin/cc   -DCHECK_FUNCTION_EXISTS=IceConnectionNumber   -o CMakeFiles/cmTryCompileExec2250673655.dir/CheckFunctionExists.c.o   -c /usr/share/cmake-3.0/Modules/CheckFunctionExists.c
Linking C executable cmTryCompileExec2250673655
/usr/bin/cmake -E cmake_link_script CMakeFiles/cmTryCompileExec2250673655.dir/link.txt --verbose=1
/usr/bin/cc   -DCHECK_FUNCTION_EXISTS=IceConnectionNumber    CMakeFiles/cmTryCompileExec2250673655.dir/CheckFunctionExists.c.o  -o cmTryCompileExec2250673655 -rdynamic -lICE 
make[1]: Leaving directory '/autofs/netapp/travail/oconstan/pmcproject/trunk/openCL/fichiers/CMakeFiles/CMakeTmp'


Performing C SOURCE FILE Test OpenMP_FLAG_DETECTED succeded with the following output:
Change Dir: /net/cremi/oconstan/espaces/travail/pmcproject/trunk/openCL/fichiers/CMakeFiles/CMakeTmp

Run Build Command:"/usr/bin/make" "cmTryCompileExec3348560151/fast"
/usr/bin/make -f CMakeFiles/cmTryCompileExec3348560151.dir/build.make CMakeFiles/cmTryCompileExec3348560151.dir/build
make[1]: Entering directory '/autofs/netapp/travail/oconstan/pmcproject/trunk/openCL/fichiers/CMakeFiles/CMakeTmp'
/usr/bin/cmake -E cmake_progress_report /net/cremi/oconstan/espaces/travail/pmcproject/trunk/openCL/fichiers/CMakeFiles/CMakeTmp/CMakeFiles 1
Building C object CMakeFiles/cmTryCompileExec3348560151.dir/src.c.o
/usr/bin/cc   -DOpenMP_FLAG_DETECTED -fopenmp   -o CMakeFiles/cmTryCompileExec3348560151.dir/src.c.o   -c /net/cremi/oconstan/espaces/travail/pmcproject/trunk/openCL/fichiers/CMakeFiles/CMakeTmp/src.c
Linking C executable cmTryCompileExec3348560151
/usr/bin/cmake -E cmake_link_script CMakeFiles/cmTryCompileExec3348560151.dir/link.txt --verbose=1
/usr/bin/cc   -DOpenMP_FLAG_DETECTED -fopenmp    CMakeFiles/cmTryCompileExec3348560151.dir/src.c.o  -o cmTryCompileExec3348560151 -rdynamic 
make[1]: Leaving directory '/autofs/netapp/travail/oconstan/pmcproject/trunk/openCL/fichiers/CMakeFiles/CMakeTmp'

Source file was:

#include <omp.h>
int main() {
#ifdef _OPENMP
  return 0;
#else
  breaks_on_purpose
#endif
}

Performing C++ SOURCE FILE Test OpenMP_FLAG_DETECTED succeded with the following output:
Change Dir: /net/cremi/oconstan/espaces/travail/pmcproject/trunk/openCL/fichiers/CMakeFiles/CMakeTmp

Run Build Command:"/usr/bin/make" "cmTryCompileExec2083064195/fast"
/usr/bin/make -f CMakeFiles/cmTryCompileExec2083064195.dir/build.make CMakeFiles/cmTryCompileExec2083064195.dir/build
make[1]: Entering directory '/autofs/netapp/travail/oconstan/pmcproject/trunk/openCL/fichiers/CMakeFiles/CMakeTmp'
/usr/bin/cmake -E cmake_progress_report /net/cremi/oconstan/espaces/travail/pmcproject/trunk/openCL/fichiers/CMakeFiles/CMakeTmp/CMakeFiles 1
Building CXX object CMakeFiles/cmTryCompileExec2083064195.dir/src.cxx.o
/usr/bin/c++    -DOpenMP_FLAG_DETECTED -fopenmp   -o CMakeFiles/cmTryCompileExec2083064195.dir/src.cxx.o -c /net/cremi/oconstan/espaces/travail/pmcproject/trunk/openCL/fichiers/CMakeFiles/CMakeTmp/src.cxx
Linking CXX executable cmTryCompileExec2083064195
/usr/bin/cmake -E cmake_link_script CMakeFiles/cmTryCompileExec2083064195.dir/link.txt --verbose=1
/usr/bin/c++    -DOpenMP_FLAG_DETECTED -fopenmp    CMakeFiles/cmTryCompileExec2083064195.dir/src.cxx.o  -o cmTryCompileExec2083064195 -rdynamic 
make[1]: Leaving directory '/autofs/netapp/travail/oconstan/pmcproject/trunk/openCL/fichiers/CMakeFiles/CMakeTmp'

Source file was:

#include <omp.h>
int main() {
#ifdef _OPENMP
  return 0;
#else
  breaks_on_purpose
#endif
}

The system is: Darwin - 14.1.0 - x86_64
Compiling the C compiler identification source file "CMakeCCompilerId.c" succeeded.
Compiler: /usr/bin/cc 
Build flags: 
Id flags: 

The output was:
0


Compilation of the C compiler identification source "CMakeCCompilerId.c" produced "a.out"

The C compiler identification is AppleClang, found in "/Users/frankanaba/Downloads/pmcproject/trunk/openCL/fichiers/CMakeFiles/3.1.3/CompilerIdC/a.out"

Compiling the CXX compiler identification source file "CMakeCXXCompilerId.cpp" succeeded.
Compiler: /usr/bin/c++ 
Build flags: 
Id flags: 

The output was:
0


Compilation of the CXX compiler identification source "CMakeCXXCompilerId.cpp" produced "a.out"

The CXX compiler identification is AppleClang, found in "/Users/frankanaba/Downloads/pmcproject/trunk/openCL/fichiers/CMakeFiles/3.1.3/CompilerIdCXX/a.out"

Determining if the C compiler works passed with the following output:
Change Dir: /Users/frankanaba/Downloads/pmcproject/trunk/openCL/fichiers/CMakeFiles/CMakeTmp

Run Build Command:"/usr/bin/make" "cmTryCompileExec3021156275/fast"
/Library/Developer/CommandLineTools/usr/bin/make -f CMakeFiles/cmTryCompileExec3021156275.dir/build.make CMakeFiles/cmTryCompileExec3021156275.dir/build
/usr/local/Cellar/cmake/3.1.3/bin/cmake -E cmake_progress_report /Users/frankanaba/Downloads/pmcproject/trunk/openCL/fichiers/CMakeFiles/CMakeTmp/CMakeFiles 1
Building C object CMakeFiles/cmTryCompileExec3021156275.dir/testCCompiler.c.o
/usr/bin/cc    -o CMakeFiles/cmTryCompileExec3021156275.dir/testCCompiler.c.o   -c /Users/frankanaba/Downloads/pmcproject/trunk/openCL/fichiers/CMakeFiles/CMakeTmp/testCCompiler.c
Linking C executable cmTryCompileExec3021156275
/usr/local/Cellar/cmake/3.1.3/bin/cmake -E cmake_link_script CMakeFiles/cmTryCompileExec3021156275.dir/link.txt --verbose=1
/usr/bin/cc    -Wl,-search_paths_first -Wl,-headerpad_max_install_names  CMakeFiles/cmTryCompileExec3021156275.dir/testCCompiler.c.o  -o cmTryCompileExec3021156275  


Detecting C compiler ABI info compiled with the following output:
Change Dir: /Users/frankanaba/Downloads/pmcproject/trunk/openCL/fichiers/CMakeFiles/CMakeTmp

Run Build Command:"/usr/bin/make" "cmTryCompileExec1606019541/fast"
/Library/Developer/CommandLineTools/usr/bin/make -f CMakeFiles/cmTryCompileExec1606019541.dir/build.make CMakeFiles/cmTryCompileExec1606019541.dir/build
/usr/local/Cellar/cmake/3.1.3/bin/cmake -E cmake_progress_report /Users/frankanaba/Downloads/pmcproject/trunk/openCL/fichiers/CMakeFiles/CMakeTmp/CMakeFiles 1
Building C object CMakeFiles/cmTryCompileExec1606019541.dir/CMakeCCompilerABI.c.o
/usr/bin/cc    -o CMakeFiles/cmTryCompileExec1606019541.dir/CMakeCCompilerABI.c.o   -c /usr/local/Cellar/cmake/3.1.3/share/cmake/Modules/CMakeCCompilerABI.c
Linking C executable cmTryCompileExec1606019541
/usr/local/Cellar/cmake/3.1.3/bin/cmake -E cmake_link_script CMakeFiles/cmTryCompileExec1606019541.dir/link.txt --verbose=1
/usr/bin/cc    -Wl,-search_paths_first -Wl,-headerpad_max_install_names -v -Wl,-v CMakeFiles/cmTryCompileExec1606019541.dir/CMakeCCompilerABI.c.o  -o cmTryCompileExec1606019541   
Apple LLVM version 6.0 (clang-600.0.57) (based on LLVM 3.5svn)
Target: x86_64-apple-darwin14.1.0
Thread model: posix
 "/Library/Developer/CommandLineTools/usr/bin/ld" -demangle -dynamic -arch x86_64 -macosx_version_min 10.10.0 -o cmTryCompileExec1606019541 -search_paths_first -headerpad_max_install_names -v CMakeFiles/cmTryCompileExec1606019541.dir/CMakeCCompilerABI.c.o -lSystem /Library/Developer/CommandLineTools/usr/bin/../lib/clang/6.0/lib/darwin/libclang_rt.osx.a
@(#)PROGRAM:ld  PROJECT:ld64-241.9
configured to support archs: armv6 armv7 armv7s arm64 i386 x86_64 x86_64h armv6m armv7m armv7em
Library search paths:
	/usr/lib
	/usr/local/lib
Framework search paths:
	/Library/Frameworks/
	/System/Library/Frameworks/


Parsed C implicit link information from above output:
  link line regex: [^( *|.*[/\])(ld|([^/\]+-)?ld|collect2)[^/\]*( |$)]
  ignore line: [Change Dir: /Users/frankanaba/Downloads/pmcproject/trunk/openCL/fichiers/CMakeFiles/CMakeTmp]
  ignore line: []
  ignore line: [Run Build Command:"/usr/bin/make" "cmTryCompileExec1606019541/fast"]
  ignore line: [/Library/Developer/CommandLineTools/usr/bin/make -f CMakeFiles/cmTryCompileExec1606019541.dir/build.make CMakeFiles/cmTryCompileExec1606019541.dir/build]
  ignore line: [/usr/local/Cellar/cmake/3.1.3/bin/cmake -E cmake_progress_report /Users/frankanaba/Downloads/pmcproject/trunk/openCL/fichiers/CMakeFiles/CMakeTmp/CMakeFiles 1]
  ignore line: [Building C object CMakeFiles/cmTryCompileExec1606019541.dir/CMakeCCompilerABI.c.o]
  ignore line: [/usr/bin/cc    -o CMakeFiles/cmTryCompileExec1606019541.dir/CMakeCCompilerABI.c.o   -c /usr/local/Cellar/cmake/3.1.3/share/cmake/Modules/CMakeCCompilerABI.c]
  ignore line: [Linking C executable cmTryCompileExec1606019541]
  ignore line: [/usr/local/Cellar/cmake/3.1.3/bin/cmake -E cmake_link_script CMakeFiles/cmTryCompileExec1606019541.dir/link.txt --verbose=1]
  ignore line: [/usr/bin/cc    -Wl,-search_paths_first -Wl,-headerpad_max_install_names -v -Wl,-v CMakeFiles/cmTryCompileExec1606019541.dir/CMakeCCompilerABI.c.o  -o cmTryCompileExec1606019541   ]
  ignore line: [Apple LLVM version 6.0 (clang-600.0.57) (based on LLVM 3.5svn)]
  ignore line: [Target: x86_64-apple-darwin14.1.0]
  ignore line: [Thread model: posix]
  link line: [ "/Library/Developer/CommandLineTools/usr/bin/ld" -demangle -dynamic -arch x86_64 -macosx_version_min 10.10.0 -o cmTryCompileExec1606019541 -search_paths_first -headerpad_max_install_names -v CMakeFiles/cmTryCompileExec1606019541.dir/CMakeCCompilerABI.c.o -lSystem /Library/Developer/CommandLineTools/usr/bin/../lib/clang/6.0/lib/darwin/libclang_rt.osx.a]
    arg [/Library/Developer/CommandLineTools/usr/bin/ld] ==> ignore
    arg [-demangle] ==> ignore
    arg [-dynamic] ==> ignore
    arg [-arch] ==> ignore
    arg [x86_64] ==> ignore
    arg [-macosx_version_min] ==> ignore
    arg [10.10.0] ==> ignore
    arg [-o] ==> ignore
    arg [cmTryCompileExec1606019541] ==> ignore
    arg [-search_paths_first] ==> ignore
    arg [-headerpad_max_install_names] ==> ignore
    arg [-v] ==> ignore
    arg [CMakeFiles/cmTryCompileExec1606019541.dir/CMakeCCompilerABI.c.o] ==> ignore
    arg [-lSystem] ==> lib [System]
    arg [/Library/Developer/CommandLineTools/usr/bin/../lib/clang/6.0/lib/darwin/libclang_rt.osx.a] ==> lib [/Library/Developer/CommandLineTools/usr/bin/../lib/clang/6.0/lib/darwin/libclang_rt.osx.a]
  Library search paths: [;/usr/lib;/usr/local/lib]
  Framework search paths: [;/Library/Frameworks/;/System/Library/Frameworks/]
  remove lib [System]
  collapse lib [/Library/Developer/CommandLineTools/usr/bin/../lib/clang/6.0/lib/darwin/libclang_rt.osx.a] ==> [/Library/Developer/CommandLineTools/usr/lib/clang/6.0/lib/darwin/libclang_rt.osx.a]
  collapse library dir [/usr/lib] ==> [/usr/lib]
  collapse library dir [/usr/local/lib] ==> [/usr/local/lib]
  collapse framework dir [/Library/Frameworks/] ==> [/Library/Frameworks]
  collapse framework dir [/System/Library/Frameworks/] ==> [/System/Library/Frameworks]
  implicit libs: [/Library/Developer/CommandLineTools/usr/lib/clang/6.0/lib/darwin/libclang_rt.osx.a]
  implicit dirs: [/usr/lib;/usr/local/lib]
  implicit fwks: [/Library/Frameworks;/System/Library/Frameworks]


Determining if the CXX compiler works passed with the following output:
Change Dir: /Users/frankanaba/Downloads/pmcproject/trunk/openCL/fichiers/CMakeFiles/CMakeTmp

Run Build Command:"/usr/bin/make" "cmTryCompileExec1781589952/fast"
/Library/Developer/CommandLineTools/usr/bin/make -f CMakeFiles/cmTryCompileExec1781589952.dir/build.make CMakeFiles/cmTryCompileExec1781589952.dir/build
/usr/local/Cellar/cmake/3.1.3/bin/cmake -E cmake_progress_report /Users/frankanaba/Downloads/pmcproject/trunk/openCL/fichiers/CMakeFiles/CMakeTmp/CMakeFiles 1
Building CXX object CMakeFiles/cmTryCompileExec1781589952.dir/testCXXCompiler.cxx.o
/usr/bin/c++     -o CMakeFiles/cmTryCompileExec1781589952.dir/testCXXCompiler.cxx.o -c /Users/frankanaba/Downloads/pmcproject/trunk/openCL/fichiers/CMakeFiles/CMakeTmp/testCXXCompiler.cxx
Linking CXX executable cmTryCompileExec1781589952
/usr/local/Cellar/cmake/3.1.3/bin/cmake -E cmake_link_script CMakeFiles/cmTryCompileExec1781589952.dir/link.txt --verbose=1
/usr/bin/c++     -Wl,-search_paths_first -Wl,-headerpad_max_install_names  CMakeFiles/cmTryCompileExec1781589952.dir/testCXXCompiler.cxx.o  -o cmTryCompileExec1781589952  


Detecting CXX compiler ABI info compiled with the following output:
Change Dir: /Users/frankanaba/Downloads/pmcproject/trunk/openCL/fichiers/CMakeFiles/CMakeTmp

Run Build Command:"/usr/bin/make" "cmTryCompileExec1040062101/fast"
/Library/Developer/CommandLineTools/usr/bin/make -f CMakeFiles/cmTryCompileExec1040062101.dir/build.make CMakeFiles/cmTryCompileExec1040062101.dir/build
/usr/local/Cellar/cmake/3.1.3/bin/cmake -E cmake_progress_report /Users/frankanaba/Downloads/pmcproject/trunk/openCL/fichiers/CMakeFiles/CMakeTmp/CMakeFiles 1
Building CXX object CMakeFiles/cmTryCompileExec1040062101.dir/CMakeCXXCompilerABI.cpp.o
/usr/bin/c++     -o CMakeFiles/cmTryCompileExec1040062101.dir/CMakeCXXCompilerABI.cpp.o -c /usr/local/Cellar/cmake/3.1.3/share/cmake/Modules/CMakeCXXCompilerABI.cpp
Linking CXX executable cmTryCompileExec1040062101
/usr/local/Cellar/cmake/3.1.3/bin/cmake -E cmake_link_script CMakeFiles/cmTryCompileExec1040062101.dir/link.txt --verbose=1
/usr/bin/c++     -Wl,-search_paths_first -Wl,-headerpad_max_install_names -v -Wl,-v CMakeFiles/cmTryCompileExec1040062101.dir/CMakeCXXCompilerABI.cpp.o  -o cmTryCompileExec1040062101   
Apple LLVM version 6.0 (clang-600.0.57) (based on LLVM 3.5svn)
Target: x86_64-apple-darwin14.1.0
Thread model: posix
 "/Library/Developer/CommandLineTools/usr/bin/ld" -demangle -dynamic -arch x86_64 -macosx_version_min 10.10.0 -o cmTryCompileExec1040062101 -search_paths_first -headerpad_max_install_names -v CMakeFiles/cmTryCompileExec1040062101.dir/CMakeCXXCompilerABI.cpp.o -lc++ -lSystem /Library/Developer/CommandLineTools/usr/bin/../lib/clang/6.0/lib/darwin/libclang_rt.osx.a
@(#)PROGRAM:ld  PROJECT:ld64-241.9
configured to support archs: armv6 armv7 armv7s arm64 i386 x86_64 x86_64h armv6m armv7m armv7em
Library search paths:
	/usr/lib
	/usr/local/lib
Framework search paths:
	/Library/Frameworks/
	/System/Library/Frameworks/


Parsed CXX implicit link information from above output:
  link line regex: [^( *|.*[/\])(ld|([^/\]+-)?ld|collect2)[^/\]*( |$)]
  ignore line: [Change Dir: /Users/frankanaba/Downloads/pmcproject/trunk/openCL/fichiers/CMakeFiles/CMakeTmp]
  ignore line: []
  ignore line: [Run Build Command:"/usr/bin/make" "cmTryCompileExec1040062101/fast"]
  ignore line: [/Library/Developer/CommandLineTools/usr/bin/make -f CMakeFiles/cmTryCompileExec1040062101.dir/build.make CMakeFiles/cmTryCompileExec1040062101.dir/build]
  ignore line: [/usr/local/Cellar/cmake/3.1.3/bin/cmake -E cmake_progress_report /Users/frankanaba/Downloads/pmcproject/trunk/openCL/fichiers/CMakeFiles/CMakeTmp/CMakeFiles 1]
  ignore line: [Building CXX object CMakeFiles/cmTryCompileExec1040062101.dir/CMakeCXXCompilerABI.cpp.o]
  ignore line: [/usr/bin/c++     -o CMakeFiles/cmTryCompileExec1040062101.dir/CMakeCXXCompilerABI.cpp.o -c /usr/local/Cellar/cmake/3.1.3/share/cmake/Modules/CMakeCXXCompilerABI.cpp]
  ignore line: [Linking CXX executable cmTryCompileExec1040062101]
  ignore line: [/usr/local/Cellar/cmake/3.1.3/bin/cmake -E cmake_link_script CMakeFiles/cmTryCompileExec1040062101.dir/link.txt --verbose=1]
  ignore line: [/usr/bin/c++     -Wl,-search_paths_first -Wl,-headerpad_max_install_names -v -Wl,-v CMakeFiles/cmTryCompileExec1040062101.dir/CMakeCXXCompilerABI.cpp.o  -o cmTryCompileExec1040062101   ]
  ignore line: [Apple LLVM version 6.0 (clang-600.0.57) (based on LLVM 3.5svn)]
  ignore line: [Target: x86_64-apple-darwin14.1.0]
  ignore line: [Thread model: posix]
  link line: [ "/Library/Developer/CommandLineTools/usr/bin/ld" -demangle -dynamic -arch x86_64 -macosx_version_min 10.10.0 -o cmTryCompileExec1040062101 -search_paths_first -headerpad_max_install_names -v CMakeFiles/cmTryCompileExec1040062101.dir/CMakeCXXCompilerABI.cpp.o -lc++ -lSystem /Library/Developer/CommandLineTools/usr/bin/../lib/clang/6.0/lib/darwin/libclang_rt.osx.a]
    arg [/Library/Developer/CommandLineTools/usr/bin/ld] ==> ignore
    arg [-demangle] ==> ignore
    arg [-dynamic] ==> ignore
    arg [-arch] ==> ignore
    arg [x86_64] ==> ignore
    arg [-macosx_version_min] ==> ignore
    arg [10.10.0] ==> ignore
    arg [-o] ==> ignore
    arg [cmTryCompileExec1040062101] ==> ignore
    arg [-search_paths_first] ==> ignore
    arg [-headerpad_max_install_names] ==> ignore
    arg [-v] ==> ignore
    arg [CMakeFiles/cmTryCompileExec1040062101.dir/CMakeCXXCompilerABI.cpp.o] ==> ignore
    arg [-lc++] ==> lib [c++]
    arg [-lSystem] ==> lib [System]
    arg [/Library/Developer/CommandLineTools/usr/bin/../lib/clang/6.0/lib/darwin/libclang_rt.osx.a] ==> lib [/Library/Developer/CommandLineTools/usr/bin/../lib/clang/6.0/lib/darwin/libclang_rt.osx.a]
  Library search paths: [;/usr/lib;/usr/local/lib]
  Framework search paths: [;/Library/Frameworks/;/System/Library/Frameworks/]
  remove lib [System]
  collapse lib [/Library/Developer/CommandLineTools/usr/bin/../lib/clang/6.0/lib/darwin/libclang_rt.osx.a] ==> [/Library/Developer/CommandLineTools/usr/lib/clang/6.0/lib/darwin/libclang_rt.osx.a]
  collapse library dir [/usr/lib] ==> [/usr/lib]
  collapse library dir [/usr/local/lib] ==> [/usr/local/lib]
  collapse framework dir [/Library/Frameworks/] ==> [/Library/Frameworks]
  collapse framework dir [/System/Library/Frameworks/] ==> [/System/Library/Frameworks]
  implicit libs: [c++;/Library/Developer/CommandLineTools/usr/lib/clang/6.0/lib/darwin/libclang_rt.osx.a]
  implicit dirs: [/usr/lib;/usr/local/lib]
  implicit fwks: [/Library/Frameworks;/System/Library/Frameworks]


